3Mat 0x7ffc24ae4000 is being created.
3Mat 0x7ffc24ae4020 is being created.
[[0,0],
[0,1],
[1,0],
[1,1]], shape=(4, 2)
[[0],
[1],
[1],
[0]], shape=(4, 1)
3Mat 0x7ffc24ae4040 is being created.
3Mat 0x7ffc24ae4060 is being created.
3Mat 0x7ffc24ae4080 is being created.
3Mat 0x7ffc24ae40a0 is being created.
3Mat 0x556a1bc2bb00 is being created.
3Mat 0x556a1bc2bbf0 is being created.
3Mat 0x556a1bc2bce0 is being created.
3Mat 0x556a1bc2bd90 is being created.
3Mat 0x556a1bc2be40 is being created.
3Mat 0x556a1bc2bf30 is being created.
3Mat 0x556a1bc2c020 is being created.
3Mat 0x556a1bc2c0d0 is being created.
[[0.840188,0.394383],
[0.783099,0.79844]], shape=(2, 2)
[[0.911647],
[0.197551]], shape=(2, 1)
[[0.335223],
[0.76823]], shape=(2, 1)
[[0.277775]], shape=(1, 1)
3Mat 0x7ffc24ae40c0 is being created.
3Mat 0x7ffc24ae40e0 is being created.

EPOCH 100/1000:
v:
[[-0.634728,-0.345945],
[0.875045,0.375509],
[1.12223,0.162258],
[2.632,0.883712]], shape=(4, 2)
h:
[[0.346439,0.414366],
[0.705794,0.592789],
[0.754402,0.540476],
[0.932893,0.707591]], shape=(4, 2)
h_norm:
[[-1.47725,-0.808163],
[0.0223765,-0.0286205],
[0.225223,-0.257182],
[0.970084,0.472954]], shape=(4, 2)
loss:
[[0.693913]], shape=(1, 1)
y_pred:
[[0.0291721],
[0.0401087],
[0.0316436],
[0.0472862]], shape=(4, 1)

EPOCH 200/1000:
v:
[[-0.539531,0.589052],
[0.915209,0.0887958],
[1.32979,0.650171],
[2.78453,0.149914]], shape=(4, 2)
h:
[[0.368297,0.643148],
[0.714065,0.522184],
[0.790807,0.657049],
[0.941834,0.537408]], shape=(4, 2)
h_norm:
[[-1.33935,-0.64476],
[-0.11911,-0.0545864],
[0.151718,-0.712584],
[0.684708,-0.128864]], shape=(4, 2)
loss:
[[0.683181]], shape=(1, 1)
y_pred:
[[0.00231585],
[-0.312682],
[0.39511],
[-0.0637566]], shape=(4, 1)

EPOCH 300/1000:
v:
[[-0.884946,1.59316],
[1.23637,0.810149],
[1.39681,0.271853],
[3.51812,-0.511161]], shape=(4, 2)
h:
[[0.292154,0.831061],
[0.774931,0.692141],
[0.801677,0.567548],
[0.971199,0.374921]], shape=(4, 2)
h_norm:
[[-1.95421,-1.37743],
[-0.00175923,-0.860447],
[0.106408,-0.396775],
[0.791992,0.32008]], shape=(4, 2)
loss:
[[0.474102]], shape=(1, 1)
y_pred:
[[-1.01186],
[0.836832],
[0.140405],
[-0.193455]], shape=(4, 1)

EPOCH 400/1000:
v:
[[-1.57464,4.56333],
[1.81509,1.15877],
[2.47828,1.0804],
[5.86801,-2.32416]], shape=(4, 2)
h:
[[0.171556,0.98968],
[0.859975,0.761109],
[0.922605,0.74657],
[0.99718,0.0891419]], shape=(4, 2)
h_norm:
[[-3.59044,-2.80474],
[0.31963,-1.44384],
[0.675354,-1.35728],
[1.09892,2.557]], shape=(4, 2)
loss:
[[0.0103353]], shape=(1, 1)
y_pred:
[[-3.9592],
[4.33381],
[5.20337],
[-5.53781]], shape=(4, 1)

EPOCH 500/1000:
v:
[[-2.27281,8.34283],
[2.44252,1.27999],
[3.94923,2.48309],
[8.66457,-4.57975]], shape=(4, 2)
h:
[[0.0933996,0.999762],
[0.920013,0.782448],
[0.981095,0.922948],
[0.999827,0.0101533]], shape=(4, 2)
h_norm:
[[-5.42146,-4.13889],
[0.764691,-1.95383],
[1.22181,-3.36653],
[1.362,5.81147]], shape=(4, 2)
loss:
[[1.67516e-05]], shape=(1, 1)
y_pred:
[[-9.83044],
[11.2316],
[20.0069],
[-21.3778]], shape=(4, 1)

EPOCH 600/1000:
v:
[[-2.98596,12.1266],
[3.07094,1.41368],
[5.41242,3.88223],
[11.4693,-6.8307]], shape=(4, 2)
h:
[[0.0480642,0.999995],
[0.955678,0.804346],
[0.995559,0.979811],
[0.99999,0.00107893]], shape=(4, 2)
h_norm:
[[-7.27038,-5.45437],
[1.27092,-2.62199],
[1.64623,-5.16217],
[1.68792,9.00683]], shape=(4, 2)
loss:
[[9.73578e-09]], shape=(1, 1)
y_pred:
[[-18.7327],
[22.6613],
[40.6731],
[-45.1456]], shape=(4, 1)

EPOCH 700/1000:
v:
[[-3.69914,15.9104],
[3.69934,1.54739],
[6.87562,5.28136],
[14.2741,-9.08166]], shape=(4, 2)
h:
[[0.0241473,1],
[0.975858,0.824536],
[0.998968,0.99494],
[0.999999,0.00011372]], shape=(4, 2)
h_norm:
[[-9.11422,-6.82647],
[1.772,-3.48337],
[2.03636,-6.73007],
[2.04815,12.2243]], shape=(4, 2)
loss:
[[9.39397e-09]], shape=(1, 1)
y_pred:
[[-30.0324],
[39.3611],
[66.232],
[-77.1143]], shape=(4, 1)

EPOCH 800/1000:
v:
[[-4.41234,19.6942],
[4.32776,1.68109],
[8.33881,6.6805],
[17.0789,-11.3326]], shape=(4, 2)
h:
[[0.0119815,1],
[0.986975,0.843049],
[0.999761,0.998746],
[1,1.19757e-05]], shape=(4, 2)
h_norm:
[[-10.9557,-8.20163],
[2.25198,-4.4876],
[2.42519,-8.17196],
[2.42843,15.4617]], shape=(4, 2)
loss:
[[inf]], shape=(1, 1)
y_pred:
[[-43.9627],
[61.5425],
[96.7446],
[-117.323]], shape=(4, 1)

EPOCH 900/1000:
v:
[[-5.12554,23.478],
[4.95618,1.8148],
[9.80198,8.07963],
[19.8837,-13.5836]], shape=(4, 2)
h:
[[0.00590789,1],
[0.993009,0.859941],
[0.999945,0.99969],
[1,1.26104e-06]], shape=(4, 2)
h_norm:
[[-12.7963,-9.55371],
[2.71166,-5.59507],
[2.82062,-9.54496],
[2.82149,18.7104]], shape=(4, 2)
loss:
[[inf]], shape=(1, 1)
y_pred:
[[-60.7899],
[89.32],
[132.34],
[-165.75]], shape=(4, 1)

EPOCH 1000/1000:
v:
[[-5.83872,27.2618],
[5.58463,1.94847],
[11.2651,9.47881],
[22.6885,-15.8345]], shape=(4, 2)
h:
[[0.0029041,1],
[0.996259,0.87528],
[0.999987,0.999924],
[1,1.3279e-07]], shape=(4, 2)
h_norm:
[[-14.6365,-10.8769],
[3.15594,-6.78086],
[3.22272,-10.8744],
[3.22295,21.9649]], shape=(4, 2)
loss:
[[inf]], shape=(1, 1)
y_pred:
[[-80.6905],
[122.813],
[173.054],
[-222.372]], shape=(4, 1)

异号: 5, 同号: 12982

bn0:
  means:
[[0.5,0.5]], shape=(1, 2)
 vars:
[[0.25,0.25]], shape=(1, 2)
 gammas:
[[1,1]], shape=(1, 2)
 betas:
[[0,0]], shape=(1, 2)
bn1:
  means:
[[0.749788,0.718801]], shape=(1, 2)
 vars:
[[0.185947,0.174816]], shape=(1, 2)
 gammas:
[[7.73347,-13.751]], shape=(1, 2)
 betas:
[[-1.2602,-1.64327]], shape=(1, 2)
W:
[[8.56281,-8.90341],
[5.71838,-12.6749]], shape=(2, 2)
c:
[[8.43534],
[5.7213]], shape=(2, 1)
w:
[[14.2281],
[-12.0562]], shape=(2, 1)
b:
[[-3.68651]], shape=(1, 1)
